0 info it worked if it ends with ok
1 verbose cli [ '/usr/local/bin/node', '/usr/local/bin/npm', 'install' ]
2 info using npm@3.10.7
3 info using node@v4.4.5
4 silly loadCurrentTree Starting
5 silly install loadCurrentTree
6 silly install readLocalPackageData
7 silly rollbackFailedOptional Starting
8 silly rollbackFailedOptional Finishing
9 silly runTopLevelLifecycles Finishing
10 silly install printInstalled
11 verbose stack Error: Failed to parse json
11 verbose stack Unexpected token '<' at 2:1
11 verbose stack <<<<<<< Updated upstream
11 verbose stack ^
11 verbose stack     at parseError (/usr/local/lib/node_modules/npm/node_modules/read-package-json/read-json.js:390:11)
11 verbose stack     at parseJson (/usr/local/lib/node_modules/npm/node_modules/read-package-json/read-json.js:79:23)
11 verbose stack     at /usr/local/lib/node_modules/npm/node_modules/read-package-json/read-json.js:48:5
11 verbose stack     at /usr/local/lib/node_modules/npm/node_modules/graceful-fs/graceful-fs.js:78:16
11 verbose stack     at FSReqWrap.readFileAfterClose [as oncomplete] (fs.js:380:3)
12 verbose cwd /Users/adamlawrence/Desktop/trading-platform
13 error Darwin 16.0.0
14 error argv "/usr/local/bin/node" "/usr/local/bin/npm" "install"
15 error node v4.4.5
16 error npm  v3.10.7
17 error file /Users/adamlawrence/Desktop/trading-platform/package.json
18 error code EJSONPARSE
19 error Failed to parse json
19 error Unexpected token '<' at 2:1
19 error <<<<<<< Updated upstream
19 error ^
20 error File: /Users/adamlawrence/Desktop/trading-platform/package.json
21 error Failed to parse package.json data.
21 error package.json must be actual JSON, not just JavaScript.
21 error
21 error This is not a bug in npm.
21 error Tell the package author to fix their package.json file. JSON.parse
22 verbose exit [ 1, true ]
